<?xml version="1.0" encoding="UTF-8"?>
<coverage generated="1775540547256" clover="3.2.0">
  <project timestamp="1775540547256" name="All files">
    <metrics statements="106" coveredstatements="100" conditionals="26" coveredconditionals="21" methods="45" coveredmethods="40" elements="177" coveredelements="161" complexity="0" loc="106" ncloc="106" packages="5" files="17" classes="17"/>
    <package name="src">
      <metrics statements="2" coveredstatements="2" conditionals="0" coveredconditionals="0" methods="1" coveredmethods="1"/>
      <file name="sum.js" path="/home/ilensys/Study/Projects IDP/resturant-app/resturant-app/src/sum.js">
        <metrics statements="2" coveredstatements="2" conditionals="0" coveredconditionals="0" methods="1" coveredmethods="1"/>
        <line num="1" count="1" type="stmt"/>
        <line num="2" count="1" type="stmt"/>
      </file>
    </package>
    <package name="src.components">
      <metrics statements="74" coveredstatements="71" conditionals="26" coveredconditionals="21" methods="33" coveredmethods="31"/>
      <file name="Body.jsx" path="/home/ilensys/Study/Projects IDP/resturant-app/resturant-app/src/components/Body.jsx">
        <metrics statements="26" coveredstatements="25" conditionals="8" coveredconditionals="6" methods="10" coveredmethods="9"/>
        <line num="7" count="1" type="stmt"/>
        <line num="8" count="7" type="stmt"/>
        <line num="9" count="7" type="stmt"/>
        <line num="10" count="7" type="stmt"/>
        <line num="11" count="7" type="stmt"/>
        <line num="12" count="7" type="stmt"/>
        <line num="13" count="7" type="stmt"/>
        <line num="14" count="7" type="stmt"/>
        <line num="15" count="2" type="stmt"/>
        <line num="17" count="7" type="stmt"/>
        <line num="18" count="2" type="stmt"/>
        <line num="21" count="2" type="stmt"/>
        <line num="22" count="2" type="stmt"/>
        <line num="23" count="2" type="stmt"/>
        <line num="24" count="2" type="stmt"/>
        <line num="28" count="7" type="cond" truecount="1" falsecount="1"/>
        <line num="29" count="7" type="cond" truecount="2" falsecount="0"/>
        <line num="40" count="1" type="stmt"/>
        <line num="47" count="1" type="stmt"/>
        <line num="48" count="9" type="stmt"/>
        <line num="50" count="1" type="stmt"/>
        <line num="60" count="1" type="stmt"/>
        <line num="61" count="9" type="stmt"/>
        <line num="63" count="1" type="stmt"/>
        <line num="76" count="0" type="stmt"/>
        <line num="83" count="31" type="stmt"/>
      </file>
      <file name="Cart.jsx" path="/home/ilensys/Study/Projects IDP/resturant-app/resturant-app/src/components/Cart.jsx">
        <metrics statements="8" coveredstatements="8" conditionals="2" coveredconditionals="2" methods="5" coveredmethods="5"/>
        <line num="5" count="1" type="stmt"/>
        <line num="6" count="8" type="stmt"/>
        <line num="7" count="4" type="stmt"/>
        <line num="8" count="4" type="stmt"/>
        <line num="9" count="1" type="stmt"/>
        <line num="11" count="4" type="stmt"/>
        <line num="19" count="1" type="stmt"/>
        <line num="30" count="3" type="stmt"/>
      </file>
      <file name="Contact.jsx" path="/home/ilensys/Study/Projects IDP/resturant-app/resturant-app/src/components/Contact.jsx">
        <metrics statements="2" coveredstatements="2" conditionals="0" coveredconditionals="0" methods="1" coveredmethods="1"/>
        <line num="1" count="1" type="stmt"/>
        <line num="2" count="4" type="stmt"/>
      </file>
      <file name="Header.jsx" path="/home/ilensys/Study/Projects IDP/resturant-app/resturant-app/src/components/Header.jsx">
        <metrics statements="7" coveredstatements="7" conditionals="4" coveredconditionals="2" methods="3" coveredmethods="3"/>
        <line num="8" count="2" type="stmt"/>
        <line num="9" count="8" type="stmt"/>
        <line num="10" count="8" type="stmt"/>
        <line num="11" count="8" type="stmt"/>
        <line num="14" count="15" type="stmt"/>
        <line num="15" count="8" type="stmt"/>
        <line num="42" count="1" type="cond" truecount="1" falsecount="1"/>
      </file>
      <file name="ItemsList.jsx" path="/home/ilensys/Study/Projects IDP/resturant-app/resturant-app/src/components/ItemsList.jsx">
        <metrics statements="6" coveredstatements="6" conditionals="2" coveredconditionals="1" methods="3" coveredmethods="3"/>
        <line num="5" count="1" type="stmt"/>
        <line num="6" count="8" type="stmt"/>
        <line num="7" count="8" type="stmt"/>
        <line num="8" count="2" type="stmt"/>
        <line num="10" count="8" type="stmt"/>
        <line num="22" count="2" type="stmt"/>
      </file>
      <file name="ResturantCard.jsx" path="/home/ilensys/Study/Projects IDP/resturant-app/resturant-app/src/components/ResturantCard.jsx">
        <metrics statements="9" coveredstatements="7" conditionals="0" coveredconditionals="0" methods="4" coveredmethods="3"/>
        <line num="5" count="2" type="stmt"/>
        <line num="7" count="33" type="stmt"/>
        <line num="8" count="33" type="stmt"/>
        <line num="9" count="33" type="stmt"/>
        <line num="13" count="0" type="stmt"/>
        <line num="14" count="0" type="stmt"/>
        <line num="26" count="2" type="stmt"/>
        <line num="27" count="8" type="stmt"/>
        <line num="28" count="20" type="stmt"/>
      </file>
      <file name="ResturantCategory.jsx" path="/home/ilensys/Study/Projects IDP/resturant-app/resturant-app/src/components/ResturantCategory.jsx">
        <metrics statements="4" coveredstatements="4" conditionals="4" coveredconditionals="4" methods="3" coveredmethods="3"/>
        <line num="3" count="1" type="stmt"/>
        <line num="4" count="8" type="stmt"/>
        <line num="10" count="1" type="stmt"/>
        <line num="27" count="5" type="stmt"/>
      </file>
      <file name="ResturantInfo.jsx" path="/home/ilensys/Study/Projects IDP/resturant-app/resturant-app/src/components/ResturantInfo.jsx">
        <metrics statements="12" coveredstatements="12" conditionals="6" coveredconditionals="6" methods="4" coveredmethods="4"/>
        <line num="7" count="1" type="stmt"/>
        <line num="8" count="3" type="stmt"/>
        <line num="9" count="3" type="stmt"/>
        <line num="10" count="3" type="stmt"/>
        <line num="11" count="3" type="stmt"/>
        <line num="12" count="1" type="stmt"/>
        <line num="14" count="3" type="cond" truecount="2" falsecount="0"/>
        <line num="16" count="2" type="stmt"/>
        <line num="20" count="2" type="stmt"/>
        <line num="22" count="10" type="stmt"/>
        <line num="25" count="2" type="stmt"/>
        <line num="34" count="8" type="stmt"/>
      </file>
    </package>
    <package name="src.components.mock">
      <metrics statements="1" coveredstatements="1" conditionals="0" coveredconditionals="0" methods="0" coveredmethods="0"/>
      <file name="resCardMock.js" path="/home/ilensys/Study/Projects IDP/resturant-app/resturant-app/src/components/mock/resCardMock.js">
        <metrics statements="1" coveredstatements="1" conditionals="0" coveredconditionals="0" methods="0" coveredmethods="0"/>
        <line num="1" count="1" type="stmt"/>
      </file>
    </package>
    <package name="src.components.shimmer">
      <metrics statements="2" coveredstatements="2" conditionals="0" coveredconditionals="0" methods="1" coveredmethods="1"/>
      <file name="Shimmer.jsx" path="/home/ilensys/Study/Projects IDP/resturant-app/resturant-app/src/components/shimmer/Shimmer.jsx">
        <metrics statements="2" coveredstatements="2" conditionals="0" coveredconditionals="0" methods="1" coveredmethods="1"/>
        <line num="1" count="2" type="stmt"/>
        <line num="2" count="3" type="stmt"/>
      </file>
    </package>
    <package name="src.utils">
      <metrics statements="27" coveredstatements="24" conditionals="0" coveredconditionals="0" methods="10" coveredmethods="7"/>
      <file name="UserContext.js" path="/home/ilensys/Study/Projects IDP/resturant-app/resturant-app/src/utils/UserContext.js">
        <metrics statements="1" coveredstatements="1" conditionals="0" coveredconditionals="0" methods="0" coveredmethods="0"/>
        <line num="3" count="4" type="stmt"/>
      </file>
      <file name="appStore.js" path="/home/ilensys/Study/Projects IDP/resturant-app/resturant-app/src/utils/appStore.js">
        <metrics statements="1" coveredstatements="1" conditionals="0" coveredconditionals="0" methods="0" coveredmethods="0"/>
        <line num="3" count="2" type="stmt"/>
      </file>
      <file name="cartSlice.js" path="/home/ilensys/Study/Projects IDP/resturant-app/resturant-app/src/utils/cartSlice.js">
        <metrics statements="5" coveredstatements="4" conditionals="0" coveredconditionals="0" methods="3" coveredmethods="2"/>
        <line num="3" count="2" type="stmt"/>
        <line num="10" count="2" type="stmt"/>
        <line num="13" count="0" type="stmt"/>
        <line num="16" count="1" type="stmt"/>
        <line num="21" count="2" type="stmt"/>
      </file>
      <file name="constants.js" path="/home/ilensys/Study/Projects IDP/resturant-app/resturant-app/src/utils/constants.js">
        <metrics statements="3" coveredstatements="3" conditionals="0" coveredconditionals="0" methods="0" coveredmethods="0"/>
        <line num="2" count="4" type="stmt"/>
        <line num="4" count="4" type="stmt"/>
        <line num="6" count="4" type="stmt"/>
      </file>
      <file name="useCheckStatus.js" path="/home/ilensys/Study/Projects IDP/resturant-app/resturant-app/src/utils/useCheckStatus.js">
        <metrics statements="8" coveredstatements="6" conditionals="0" coveredconditionals="0" methods="4" coveredmethods="2"/>
        <line num="3" count="3" type="stmt"/>
        <line num="4" count="15" type="stmt"/>
        <line num="5" count="15" type="stmt"/>
        <line num="6" count="6" type="stmt"/>
        <line num="7" count="0" type="stmt"/>
        <line num="9" count="6" type="stmt"/>
        <line num="10" count="0" type="stmt"/>
        <line num="13" count="15" type="stmt"/>
      </file>
      <file name="useResturantMenu.js" path="/home/ilensys/Study/Projects IDP/resturant-app/resturant-app/src/utils/useResturantMenu.js">
        <metrics statements="9" coveredstatements="9" conditionals="0" coveredconditionals="0" methods="3" coveredmethods="3"/>
        <line num="3" count="1" type="stmt"/>
        <line num="4" count="3" type="stmt"/>
        <line num="5" count="3" type="stmt"/>
        <line num="6" count="1" type="stmt"/>
        <line num="8" count="3" type="stmt"/>
        <line num="9" count="1" type="stmt"/>
        <line num="12" count="1" type="stmt"/>
        <line num="14" count="1" type="stmt"/>
        <line num="16" count="3" type="stmt"/>
      </file>
    </package>
  </project>
</coverage>
