{"/home/ilensys/Study/Projects IDP/resturant-app/resturant-app/src/sum.js": {"path":"/home/ilensys/Study/Projects IDP/resturant-app/resturant-app/src/sum.js","statementMap":{"0":{"start":{"line":1,"column":19},"end":{"line":3,"column":1}},"1":{"start":{"line":2,"column":4},"end":{"line":2,"column":17}}},"fnMap":{"0":{"name":"(anonymous_0)","decl":{"start":{"line":1,"column":19},"end":{"line":1,"column":20}},"loc":{"start":{"line":1,"column":28},"end":{"line":3,"column":1}},"line":1}},"branchMap":{},"s":{"0":1,"1":1},"f":{"0":1},"b":{},"_coverageSchema":"1a1c01bbd47fc00a2c39e90264f33305004495a9","hash":"7f86d50032c68c486591b372a7f0227c3cb79f7c"}
,"/home/ilensys/Study/Projects IDP/resturant-app/resturant-app/src/components/Body.jsx": {"path":"/home/ilensys/Study/Projects IDP/resturant-app/resturant-app/src/components/Body.jsx","statementMap":{"0":{"start":{"line":7,"column":13},"end":{"line":97,"column":1}},"1":{"start":{"line":8,"column":50},"end":{"line":8,"column":62}},"2":{"start":{"line":9,"column":54},"end":{"line":9,"column":66}},"3":{"start":{"line":10,"column":38},"end":{"line":10,"column":50}},"4":{"start":{"line":11,"column":32},"end":{"line":11,"column":61}},"5":{"start":{"line":12,"column":17},"end":{"line":12,"column":33}},"6":{"start":{"line":13,"column":40},"end":{"line":13,"column":63}},"7":{"start":{"line":14,"column":2},"end":{"line":16,"column":9}},"8":{"start":{"line":15,"column":4},"end":{"line":15,"column":16}},"9":{"start":{"line":17,"column":20},"end":{"line":27,"column":3}},"10":{"start":{"line":18,"column":17},"end":{"line":20,"column":5}},"11":{"start":{"line":21,"column":17},"end":{"line":21,"column":34}},"12":{"start":{"line":22,"column":25},"end":{"line":22,"column":105}},"13":{"start":{"line":23,"column":4},"end":{"line":23,"column":40}},"14":{"start":{"line":24,"column":4},"end":{"line":26,"column":6}},"15":{"start":{"line":28,"column":2},"end":{"line":28,"column":77}},"16":{"start":{"line":28,"column":28},"end":{"line":28,"column":77}},"17":{"start":{"line":29,"column":2},"end":{"line":96,"column":4}},"18":{"start":{"line":40,"column":12},"end":{"line":40,"column":42}},"19":{"start":{"line":47,"column":38},"end":{"line":49,"column":15}},"20":{"start":{"line":48,"column":16},"end":{"line":48,"column":78}},"21":{"start":{"line":50,"column":14},"end":{"line":50,"column":53}},"22":{"start":{"line":60,"column":38},"end":{"line":62,"column":15}},"23":{"start":{"line":61,"column":23},"end":{"line":61,"column":47}},"24":{"start":{"line":63,"column":14},"end":{"line":63,"column":53}},"25":{"start":{"line":76,"column":14},"end":{"line":76,"column":42}},"26":{"start":{"line":83,"column":10},"end":{"line":92,"column":17}}},"fnMap":{"0":{"name":"(anonymous_0)","decl":{"start":{"line":7,"column":13},"end":{"line":7,"column":14}},"loc":{"start":{"line":7,"column":19},"end":{"line":97,"column":1}},"line":7},"1":{"name":"(anonymous_1)","decl":{"start":{"line":14,"column":12},"end":{"line":14,"column":13}},"loc":{"start":{"line":14,"column":18},"end":{"line":16,"column":3}},"line":14},"2":{"name":"(anonymous_2)","decl":{"start":{"line":17,"column":20},"end":{"line":17,"column":21}},"loc":{"start":{"line":17,"column":32},"end":{"line":27,"column":3}},"line":17},"3":{"name":"(anonymous_3)","decl":{"start":{"line":39,"column":20},"end":{"line":39,"column":21}},"loc":{"start":{"line":39,"column":27},"end":{"line":41,"column":11}},"line":39},"4":{"name":"(anonymous_4)","decl":{"start":{"line":46,"column":21},"end":{"line":46,"column":22}},"loc":{"start":{"line":46,"column":27},"end":{"line":51,"column":13}},"line":46},"5":{"name":"(anonymous_5)","decl":{"start":{"line":47,"column":62},"end":{"line":47,"column":63}},"loc":{"start":{"line":48,"column":16},"end":{"line":48,"column":78}},"line":48},"6":{"name":"(anonymous_6)","decl":{"start":{"line":59,"column":21},"end":{"line":59,"column":22}},"loc":{"start":{"line":59,"column":27},"end":{"line":64,"column":13}},"line":59},"7":{"name":"(anonymous_7)","decl":{"start":{"line":61,"column":16},"end":{"line":61,"column":17}},"loc":{"start":{"line":61,"column":23},"end":{"line":61,"column":47}},"line":61},"8":{"name":"(anonymous_8)","decl":{"start":{"line":75,"column":22},"end":{"line":75,"column":23}},"loc":{"start":{"line":75,"column":29},"end":{"line":77,"column":13}},"line":75},"9":{"name":"(anonymous_9)","decl":{"start":{"line":82,"column":32},"end":{"line":82,"column":33}},"loc":{"start":{"line":83,"column":10},"end":{"line":92,"column":17}},"line":83}},"branchMap":{"0":{"loc":{"start":{"line":28,"column":2},"end":{"line":28,"column":77}},"type":"if","locations":[{"start":{"line":28,"column":2},"end":{"line":28,"column":77}},{"start":{},"end":{}}],"line":28},"1":{"loc":{"start":{"line":29,"column":9},"end":{"line":96,"column":3}},"type":"cond-expr","locations":[{"start":{"line":30,"column":4},"end":{"line":30,"column":15}},{"start":{"line":32,"column":4},"end":{"line":95,"column":10}}],"line":29},"2":{"loc":{"start":{"line":84,"column":17},"end":{"line":84,"column":45}},"type":"binary-expr","locations":[{"start":{"line":84,"column":17},"end":{"line":84,"column":36}},{"start":{"line":84,"column":40},"end":{"line":84,"column":45}}],"line":84},"3":{"loc":{"start":{"line":87,"column":13},"end":{"line":91,"column":13}},"type":"cond-expr","locations":[{"start":{"line":88,"column":14},"end":{"line":88,"column":58}},{"start":{"line":90,"column":14},"end":{"line":90,"column":51}}],"line":87}},"s":{"0":1,"1":7,"2":7,"3":7,"4":7,"5":7,"6":7,"7":7,"8":2,"9":7,"10":2,"11":2,"12":2,"13":2,"14":2,"15":7,"16":0,"17":7,"18":1,"19":1,"20":9,"21":1,"22":1,"23":9,"24":1,"25":0,"26":31},"f":{"0":7,"1":2,"2":2,"3":1,"4":1,"5":9,"6":1,"7":9,"8":0,"9":31},"b":{"0":[0,7],"1":[2,5],"2":[31,0],"3":[19,12]},"_coverageSchema":"1a1c01bbd47fc00a2c39e90264f33305004495a9","hash":"0012049cb7b210c48bf1f9d535571ead6dae2cfc"}
,"/home/ilensys/Study/Projects IDP/resturant-app/resturant-app/src/components/Cart.jsx": {"path":"/home/ilensys/Study/Projects IDP/resturant-app/resturant-app/src/components/Cart.jsx","statementMap":{"0":{"start":{"line":5,"column":13},"end":{"line":35,"column":1}},"1":{"start":{"line":6,"column":20},"end":{"line":6,"column":60}},"2":{"start":{"line":6,"column":43},"end":{"line":6,"column":59}},"3":{"start":{"line":7,"column":19},"end":{"line":7,"column":32}},"4":{"start":{"line":8,"column":26},"end":{"line":10,"column":3}},"5":{"start":{"line":9,"column":4},"end":{"line":9,"column":26}},"6":{"start":{"line":11,"column":2},"end":{"line":34,"column":4}},"7":{"start":{"line":19,"column":14},"end":{"line":19,"column":32}},"8":{"start":{"line":30,"column":10},"end":{"line":30,"column":47}}},"fnMap":{"0":{"name":"(anonymous_0)","decl":{"start":{"line":5,"column":13},"end":{"line":5,"column":14}},"loc":{"start":{"line":5,"column":19},"end":{"line":35,"column":1}},"line":5},"1":{"name":"(anonymous_1)","decl":{"start":{"line":6,"column":32},"end":{"line":6,"column":33}},"loc":{"start":{"line":6,"column":43},"end":{"line":6,"column":59}},"line":6},"2":{"name":"(anonymous_2)","decl":{"start":{"line":8,"column":26},"end":{"line":8,"column":27}},"loc":{"start":{"line":8,"column":32},"end":{"line":10,"column":3}},"line":8},"3":{"name":"(anonymous_3)","decl":{"start":{"line":18,"column":21},"end":{"line":18,"column":22}},"loc":{"start":{"line":18,"column":27},"end":{"line":20,"column":13}},"line":18},"4":{"name":"(anonymous_4)","decl":{"start":{"line":29,"column":23},"end":{"line":29,"column":24}},"loc":{"start":{"line":30,"column":10},"end":{"line":30,"column":47}},"line":30}},"branchMap":{"0":{"loc":{"start":{"line":15,"column":9},"end":{"line":26,"column":9}},"type":"cond-expr","locations":[{"start":{"line":16,"column":10},"end":{"line":23,"column":19}},{"start":{"line":25,"column":10},"end":{"line":25,"column":43}}],"line":15}},"s":{"0":1,"1":4,"2":8,"3":4,"4":4,"5":1,"6":4,"7":1,"8":3},"f":{"0":4,"1":8,"2":1,"3":1,"4":3},"b":{"0":[2,2]},"_coverageSchema":"1a1c01bbd47fc00a2c39e90264f33305004495a9","hash":"979e9d5766c2b6288e139a7dbb18680d4c0d6551"}
,"/home/ilensys/Study/Projects IDP/resturant-app/resturant-app/src/components/Contact.jsx": {"path":"/home/ilensys/Study/Projects IDP/resturant-app/resturant-app/src/components/Contact.jsx","statementMap":{"0":{"start":{"line":1,"column":16},"end":{"line":12,"column":1}},"1":{"start":{"line":2,"column":2},"end":{"line":11,"column":4}}},"fnMap":{"0":{"name":"(anonymous_0)","decl":{"start":{"line":1,"column":16},"end":{"line":1,"column":17}},"loc":{"start":{"line":1,"column":22},"end":{"line":12,"column":1}},"line":1}},"branchMap":{},"s":{"0":1,"1":4},"f":{"0":4},"b":{},"_coverageSchema":"1a1c01bbd47fc00a2c39e90264f33305004495a9","hash":"50222f3074b0d3cbc2346eefb7dd0d7021900f9e"}
,"/home/ilensys/Study/Projects IDP/resturant-app/resturant-app/src/components/Header.jsx": {"path":"/home/ilensys/Study/Projects IDP/resturant-app/resturant-app/src/components/Header.jsx","statementMap":{"0":{"start":{"line":8,"column":15},"end":{"line":53,"column":1}},"1":{"start":{"line":9,"column":32},"end":{"line":9,"column":49}},"2":{"start":{"line":10,"column":17},"end":{"line":10,"column":33}},"3":{"start":{"line":11,"column":15},"end":{"line":11,"column":38}},"4":{"start":{"line":14,"column":20},"end":{"line":14,"column":60}},"5":{"start":{"line":14,"column":43},"end":{"line":14,"column":59}},"6":{"start":{"line":15,"column":2},"end":{"line":52,"column":4}},"7":{"start":{"line":42,"column":16},"end":{"line":42,"column":80}}},"fnMap":{"0":{"name":"(anonymous_0)","decl":{"start":{"line":8,"column":15},"end":{"line":8,"column":16}},"loc":{"start":{"line":8,"column":21},"end":{"line":53,"column":1}},"line":8},"1":{"name":"(anonymous_1)","decl":{"start":{"line":14,"column":32},"end":{"line":14,"column":33}},"loc":{"start":{"line":14,"column":43},"end":{"line":14,"column":59}},"line":14},"2":{"name":"(anonymous_2)","decl":{"start":{"line":41,"column":23},"end":{"line":41,"column":24}},"loc":{"start":{"line":41,"column":29},"end":{"line":43,"column":15}},"line":41}},"branchMap":{"0":{"loc":{"start":{"line":22,"column":31},"end":{"line":22,"column":62}},"type":"cond-expr","locations":[{"start":{"line":22,"column":53},"end":{"line":22,"column":56}},{"start":{"line":22,"column":59},"end":{"line":22,"column":62}}],"line":22},"1":{"loc":{"start":{"line":42,"column":16},"end":{"line":42,"column":79}},"type":"cond-expr","locations":[{"start":{"line":42,"column":37},"end":{"line":42,"column":57}},{"start":{"line":42,"column":60},"end":{"line":42,"column":79}}],"line":42}},"s":{"0":2,"1":8,"2":8,"3":8,"4":8,"5":15,"6":8,"7":1},"f":{"0":8,"1":15,"2":1},"b":{"0":[8,0],"1":[1,0]},"_coverageSchema":"1a1c01bbd47fc00a2c39e90264f33305004495a9","hash":"dc509c623ec05edb100d3a588ed45c2a3783fab6"}
,"/home/ilensys/Study/Projects IDP/resturant-app/resturant-app/src/components/ItemsList.jsx": {"path":"/home/ilensys/Study/Projects IDP/resturant-app/resturant-app/src/components/ItemsList.jsx","statementMap":{"0":{"start":{"line":5,"column":18},"end":{"line":35,"column":1}},"1":{"start":{"line":6,"column":19},"end":{"line":6,"column":32}},"2":{"start":{"line":7,"column":24},"end":{"line":9,"column":3}},"3":{"start":{"line":8,"column":4},"end":{"line":8,"column":28}},"4":{"start":{"line":10,"column":2},"end":{"line":34,"column":4}},"5":{"start":{"line":22,"column":27},"end":{"line":22,"column":46}}},"fnMap":{"0":{"name":"(anonymous_0)","decl":{"start":{"line":5,"column":18},"end":{"line":5,"column":19}},"loc":{"start":{"line":5,"column":32},"end":{"line":35,"column":1}},"line":5},"1":{"name":"(anonymous_1)","decl":{"start":{"line":7,"column":24},"end":{"line":7,"column":25}},"loc":{"start":{"line":7,"column":30},"end":{"line":9,"column":3}},"line":7},"2":{"name":"(anonymous_2)","decl":{"start":{"line":22,"column":21},"end":{"line":22,"column":22}},"loc":{"start":{"line":22,"column":27},"end":{"line":22,"column":46}},"line":22}},"branchMap":{"0":{"loc":{"start":{"line":15,"column":17},"end":{"line":15,"column":60}},"type":"binary-expr","locations":[{"start":{"line":15,"column":17},"end":{"line":15,"column":33}},{"start":{"line":15,"column":37},"end":{"line":15,"column":60}}],"line":15}},"s":{"0":1,"1":8,"2":8,"3":2,"4":8,"5":2},"f":{"0":8,"1":2,"2":2},"b":{"0":[8,0]},"_coverageSchema":"1a1c01bbd47fc00a2c39e90264f33305004495a9","hash":"cc8bafb3e4e8e737cd563b3f84445da6267d06de"}
,"/home/ilensys/Study/Projects IDP/resturant-app/resturant-app/src/components/ResturantCard.jsx": {"path":"/home/ilensys/Study/Projects IDP/resturant-app/resturant-app/src/components/ResturantCard.jsx","statementMap":{"0":{"start":{"line":5,"column":23},"end":{"line":24,"column":1}},"1":{"start":{"line":7,"column":4},"end":{"line":7,"column":21}},"2":{"start":{"line":8,"column":27},"end":{"line":8,"column":50}},"3":{"start":{"line":9,"column":2},"end":{"line":23,"column":4}},"4":{"start":{"line":13,"column":10},"end":{"line":13,"column":31}},"5":{"start":{"line":14,"column":10},"end":{"line":14,"column":34}},"6":{"start":{"line":26,"column":29},"end":{"line":37,"column":1}},"7":{"start":{"line":27,"column":2},"end":{"line":36,"column":4}},"8":{"start":{"line":28,"column":4},"end":{"line":35,"column":6}}},"fnMap":{"0":{"name":"(anonymous_0)","decl":{"start":{"line":5,"column":23},"end":{"line":5,"column":24}},"loc":{"start":{"line":5,"column":34},"end":{"line":24,"column":1}},"line":5},"1":{"name":"(anonymous_1)","decl":{"start":{"line":12,"column":17},"end":{"line":12,"column":18}},"loc":{"start":{"line":12,"column":24},"end":{"line":15,"column":9}},"line":12},"2":{"name":"(anonymous_2)","decl":{"start":{"line":26,"column":29},"end":{"line":26,"column":30}},"loc":{"start":{"line":26,"column":49},"end":{"line":37,"column":1}},"line":26},"3":{"name":"(anonymous_3)","decl":{"start":{"line":27,"column":9},"end":{"line":27,"column":10}},"loc":{"start":{"line":27,"column":20},"end":{"line":36,"column":3}},"line":27}},"branchMap":{},"s":{"0":2,"1":33,"2":33,"3":33,"4":0,"5":0,"6":2,"7":8,"8":20},"f":{"0":33,"1":0,"2":8,"3":20},"b":{},"_coverageSchema":"1a1c01bbd47fc00a2c39e90264f33305004495a9","hash":"a3f3824e8c9a78eb1c5e8605ead1c88317f5b688"}
,"/home/ilensys/Study/Projects IDP/resturant-app/resturant-app/src/components/ResturantCategory.jsx": {"path":"/home/ilensys/Study/Projects IDP/resturant-app/resturant-app/src/components/ResturantCategory.jsx","statementMap":{"0":{"start":{"line":3,"column":26},"end":{"line":34,"column":1}},"1":{"start":{"line":4,"column":2},"end":{"line":33,"column":4}},"2":{"start":{"line":10,"column":12},"end":{"line":10,"column":31}},"3":{"start":{"line":27,"column":14},"end":{"line":27,"column":78}}},"fnMap":{"0":{"name":"(anonymous_0)","decl":{"start":{"line":3,"column":26},"end":{"line":3,"column":27}},"loc":{"start":{"line":3,"column":74},"end":{"line":34,"column":1}},"line":3},"1":{"name":"(anonymous_1)","decl":{"start":{"line":9,"column":19},"end":{"line":9,"column":20}},"loc":{"start":{"line":9,"column":25},"end":{"line":11,"column":11}},"line":9},"2":{"name":"(anonymous_2)","decl":{"start":{"line":26,"column":32},"end":{"line":26,"column":33}},"loc":{"start":{"line":27,"column":14},"end":{"line":27,"column":78}},"line":27}},"branchMap":{"0":{"loc":{"start":{"line":21,"column":13},"end":{"line":21,"column":37}},"type":"cond-expr","locations":[{"start":{"line":21,"column":28},"end":{"line":21,"column":31}},{"start":{"line":21,"column":34},"end":{"line":21,"column":37}}],"line":21},"1":{"loc":{"start":{"line":24,"column":9},"end":{"line":30,"column":9}},"type":"binary-expr","locations":[{"start":{"line":24,"column":9},"end":{"line":24,"column":21}},{"start":{"line":25,"column":10},"end":{"line":29,"column":16}}],"line":24}},"s":{"0":1,"1":8,"2":1,"3":5},"f":{"0":8,"1":1,"2":5},"b":{"0":[2,6],"1":[8,2]},"_coverageSchema":"1a1c01bbd47fc00a2c39e90264f33305004495a9","hash":"c731338157d4cd23ec24127cd661aecaef9f1fb6"}
,"/home/ilensys/Study/Projects IDP/resturant-app/resturant-app/src/components/ResturantInfo.jsx": {"path":"/home/ilensys/Study/Projects IDP/resturant-app/resturant-app/src/components/ResturantInfo.jsx","statementMap":{"0":{"start":{"line":7,"column":22},"end":{"line":46,"column":1}},"1":{"start":{"line":8,"column":20},"end":{"line":8,"column":31}},"2":{"start":{"line":9,"column":18},"end":{"line":9,"column":41}},"3":{"start":{"line":10,"column":36},"end":{"line":10,"column":47}},"4":{"start":{"line":11,"column":25},"end":{"line":13,"column":3}},"5":{"start":{"line":12,"column":4},"end":{"line":12,"column":24}},"6":{"start":{"line":14,"column":2},"end":{"line":14,"column":42}},"7":{"start":{"line":14,"column":23},"end":{"line":14,"column":42}},"8":{"start":{"line":16,"column":48},"end":{"line":16,"column":79}},"9":{"start":{"line":20,"column":4},"end":{"line":24,"column":5}},"10":{"start":{"line":22,"column":8},"end":{"line":23,"column":70}},"11":{"start":{"line":25,"column":2},"end":{"line":45,"column":4}},"12":{"start":{"line":34,"column":12},"end":{"line":40,"column":14}}},"fnMap":{"0":{"name":"(anonymous_0)","decl":{"start":{"line":7,"column":22},"end":{"line":7,"column":23}},"loc":{"start":{"line":7,"column":28},"end":{"line":46,"column":1}},"line":7},"1":{"name":"(anonymous_1)","decl":{"start":{"line":11,"column":25},"end":{"line":11,"column":26}},"loc":{"start":{"line":11,"column":36},"end":{"line":13,"column":3}},"line":11},"2":{"name":"(anonymous_2)","decl":{"start":{"line":21,"column":6},"end":{"line":21,"column":7}},"loc":{"start":{"line":22,"column":8},"end":{"line":23,"column":70}},"line":22},"3":{"name":"(anonymous_3)","decl":{"start":{"line":33,"column":26},"end":{"line":33,"column":27}},"loc":{"start":{"line":34,"column":12},"end":{"line":40,"column":14}},"line":34}},"branchMap":{"0":{"loc":{"start":{"line":14,"column":2},"end":{"line":14,"column":42}},"type":"if","locations":[{"start":{"line":14,"column":2},"end":{"line":14,"column":42}},{"start":{},"end":{}}],"line":14},"1":{"loc":{"start":{"line":35,"column":19},"end":{"line":35,"column":56}},"type":"binary-expr","locations":[{"start":{"line":35,"column":19},"end":{"line":35,"column":47}},{"start":{"line":35,"column":51},"end":{"line":35,"column":56}}],"line":35},"2":{"loc":{"start":{"line":37,"column":28},"end":{"line":37,"column":62}},"type":"cond-expr","locations":[{"start":{"line":37,"column":50},"end":{"line":37,"column":54}},{"start":{"line":37,"column":57},"end":{"line":37,"column":62}}],"line":37}},"s":{"0":1,"1":3,"2":3,"3":3,"4":3,"5":1,"6":3,"7":1,"8":2,"9":2,"10":10,"11":2,"12":8},"f":{"0":3,"1":1,"2":10,"3":8},"b":{"0":[1,2],"1":[8,8],"2":[2,6]},"_coverageSchema":"1a1c01bbd47fc00a2c39e90264f33305004495a9","hash":"bd7424185a44e07e556ea985df5b24ed7b8b3854"}
,"/home/ilensys/Study/Projects IDP/resturant-app/resturant-app/src/components/mock/resCardMock.js": {"path":"/home/ilensys/Study/Projects IDP/resturant-app/resturant-app/src/components/mock/resCardMock.js","statementMap":{"0":{"start":{"line":1,"column":17},"end":{"line":27,"column":1}}},"fnMap":{},"branchMap":{},"s":{"0":1},"f":{},"b":{},"_coverageSchema":"1a1c01bbd47fc00a2c39e90264f33305004495a9","hash":"09e26e067f4a91c8bbee83137f6ad928c249e88c"}
,"/home/ilensys/Study/Projects IDP/resturant-app/resturant-app/src/components/shimmer/Shimmer.jsx": {"path":"/home/ilensys/Study/Projects IDP/resturant-app/resturant-app/src/components/shimmer/Shimmer.jsx","statementMap":{"0":{"start":{"line":1,"column":16},"end":{"line":14,"column":1}},"1":{"start":{"line":2,"column":4},"end":{"line":13,"column":6}}},"fnMap":{"0":{"name":"(anonymous_0)","decl":{"start":{"line":1,"column":16},"end":{"line":1,"column":17}},"loc":{"start":{"line":1,"column":22},"end":{"line":14,"column":1}},"line":1}},"branchMap":{},"s":{"0":2,"1":3},"f":{"0":3},"b":{},"_coverageSchema":"1a1c01bbd47fc00a2c39e90264f33305004495a9","hash":"3416084730c607b5eb2579718997c600318532ce"}
,"/home/ilensys/Study/Projects IDP/resturant-app/resturant-app/src/utils/UserContext.js": {"path":"/home/ilensys/Study/Projects IDP/resturant-app/resturant-app/src/utils/UserContext.js","statementMap":{"0":{"start":{"line":3,"column":20},"end":{"line":5,"column":2}}},"fnMap":{},"branchMap":{},"s":{"0":4},"f":{},"b":{},"_coverageSchema":"1a1c01bbd47fc00a2c39e90264f33305004495a9","hash":"7e6edfb3aecf75da0aa640d6376717ec2570939a"}
,"/home/ilensys/Study/Projects IDP/resturant-app/resturant-app/src/utils/appStore.js": {"path":"/home/ilensys/Study/Projects IDP/resturant-app/resturant-app/src/utils/appStore.js","statementMap":{"0":{"start":{"line":3,"column":17},"end":{"line":7,"column":2}}},"fnMap":{},"branchMap":{},"s":{"0":2},"f":{},"b":{},"_coverageSchema":"1a1c01bbd47fc00a2c39e90264f33305004495a9","hash":"06edf0ca535df864fefd7715a0da61dfb2b5117d"}
,"/home/ilensys/Study/Projects IDP/resturant-app/resturant-app/src/utils/cartSlice.js": {"path":"/home/ilensys/Study/Projects IDP/resturant-app/resturant-app/src/utils/cartSlice.js","statementMap":{"0":{"start":{"line":3,"column":18},"end":{"line":19,"column":2}},"1":{"start":{"line":10,"column":6},"end":{"line":10,"column":39}},"2":{"start":{"line":13,"column":6},"end":{"line":13,"column":24}},"3":{"start":{"line":16,"column":6},"end":{"line":16,"column":29}},"4":{"start":{"line":21,"column":50},"end":{"line":21,"column":67}}},"fnMap":{"0":{"name":"(anonymous_0)","decl":{"start":{"line":9,"column":13},"end":{"line":9,"column":14}},"loc":{"start":{"line":9,"column":32},"end":{"line":11,"column":5}},"line":9},"1":{"name":"(anonymous_1)","decl":{"start":{"line":12,"column":16},"end":{"line":12,"column":17}},"loc":{"start":{"line":12,"column":35},"end":{"line":14,"column":5}},"line":12},"2":{"name":"(anonymous_2)","decl":{"start":{"line":15,"column":15},"end":{"line":15,"column":16}},"loc":{"start":{"line":15,"column":34},"end":{"line":17,"column":5}},"line":15}},"branchMap":{},"s":{"0":2,"1":2,"2":0,"3":1,"4":2},"f":{"0":2,"1":0,"2":1},"b":{},"_coverageSchema":"1a1c01bbd47fc00a2c39e90264f33305004495a9","hash":"5f65edc32e03c9216d50f03314d952e976ada197"}
,"/home/ilensys/Study/Projects IDP/resturant-app/resturant-app/src/utils/constants.js": {"path":"/home/ilensys/Study/Projects IDP/resturant-app/resturant-app/src/utils/constants.js","statementMap":{"0":{"start":{"line":2,"column":2},"end":{"line":2,"column":120}},"1":{"start":{"line":4,"column":23},"end":{"line":4,"column":106}},"2":{"start":{"line":6,"column":25},"end":{"line":6,"column":119}}},"fnMap":{},"branchMap":{},"s":{"0":4,"1":4,"2":4},"f":{},"b":{},"_coverageSchema":"1a1c01bbd47fc00a2c39e90264f33305004495a9","hash":"71089754445396cea7a16ad46129d5122cc96d4e"}
,"/home/ilensys/Study/Projects IDP/resturant-app/resturant-app/src/utils/useCheckStatus.js": {"path":"/home/ilensys/Study/Projects IDP/resturant-app/resturant-app/src/utils/useCheckStatus.js","statementMap":{"0":{"start":{"line":3,"column":23},"end":{"line":14,"column":1}},"1":{"start":{"line":4,"column":30},"end":{"line":4,"column":48}},"2":{"start":{"line":5,"column":2},"end":{"line":12,"column":9}},"3":{"start":{"line":6,"column":4},"end":{"line":8,"column":7}},"4":{"start":{"line":7,"column":6},"end":{"line":7,"column":26}},"5":{"start":{"line":9,"column":4},"end":{"line":11,"column":7}},"6":{"start":{"line":10,"column":6},"end":{"line":10,"column":27}},"7":{"start":{"line":13,"column":2},"end":{"line":13,"column":16}}},"fnMap":{"0":{"name":"(anonymous_0)","decl":{"start":{"line":3,"column":23},"end":{"line":3,"column":24}},"loc":{"start":{"line":3,"column":29},"end":{"line":14,"column":1}},"line":3},"1":{"name":"(anonymous_1)","decl":{"start":{"line":5,"column":12},"end":{"line":5,"column":13}},"loc":{"start":{"line":5,"column":18},"end":{"line":12,"column":3}},"line":5},"2":{"name":"(anonymous_2)","decl":{"start":{"line":6,"column":38},"end":{"line":6,"column":39}},"loc":{"start":{"line":6,"column":44},"end":{"line":8,"column":5}},"line":6},"3":{"name":"(anonymous_3)","decl":{"start":{"line":9,"column":39},"end":{"line":9,"column":40}},"loc":{"start":{"line":9,"column":45},"end":{"line":11,"column":5}},"line":9}},"branchMap":{},"s":{"0":3,"1":15,"2":15,"3":6,"4":0,"5":6,"6":0,"7":15},"f":{"0":15,"1":6,"2":0,"3":0},"b":{},"_coverageSchema":"1a1c01bbd47fc00a2c39e90264f33305004495a9","hash":"25e182c9811d075586391ed8adf4380b3bba58fb"}
,"/home/ilensys/Study/Projects IDP/resturant-app/resturant-app/src/utils/useResturantMenu.js": {"path":"/home/ilensys/Study/Projects IDP/resturant-app/resturant-app/src/utils/useResturantMenu.js","statementMap":{"0":{"start":{"line":3,"column":25},"end":{"line":17,"column":1}},"1":{"start":{"line":4,"column":32},"end":{"line":4,"column":46}},"2":{"start":{"line":5,"column":2},"end":{"line":7,"column":9}},"3":{"start":{"line":6,"column":4},"end":{"line":6,"column":16}},"4":{"start":{"line":8,"column":20},"end":{"line":15,"column":3}},"5":{"start":{"line":9,"column":17},"end":{"line":11,"column":5}},"6":{"start":{"line":12,"column":17},"end":{"line":12,"column":34}},"7":{"start":{"line":14,"column":4},"end":{"line":14,"column":26}},"8":{"start":{"line":16,"column":2},"end":{"line":16,"column":17}}},"fnMap":{"0":{"name":"(anonymous_0)","decl":{"start":{"line":3,"column":25},"end":{"line":3,"column":26}},"loc":{"start":{"line":3,"column":36},"end":{"line":17,"column":1}},"line":3},"1":{"name":"(anonymous_1)","decl":{"start":{"line":5,"column":12},"end":{"line":5,"column":13}},"loc":{"start":{"line":5,"column":18},"end":{"line":7,"column":3}},"line":5},"2":{"name":"(anonymous_2)","decl":{"start":{"line":8,"column":20},"end":{"line":8,"column":21}},"loc":{"start":{"line":8,"column":32},"end":{"line":15,"column":3}},"line":8}},"branchMap":{},"s":{"0":1,"1":3,"2":3,"3":1,"4":3,"5":1,"6":1,"7":1,"8":3},"f":{"0":3,"1":1,"2":1},"b":{},"_coverageSchema":"1a1c01bbd47fc00a2c39e90264f33305004495a9","hash":"2298ee809d241b63fe150faf646b299de4fd1adb"}
}
