TN:
SF:src/sum.js
FN:1,(anonymous_0)
FNF:1
FNH:1
FNDA:1,(anonymous_0)
DA:1,1
DA:2,1
LF:2
LH:2
BRF:0
BRH:0
end_of_record
TN:
SF:src/components/Body.jsx
FN:7,(anonymous_0)
FN:14,(anonymous_1)
FN:17,(anonymous_2)
FN:39,(anonymous_3)
FN:46,(anonymous_4)
FN:47,(anonymous_5)
FN:59,(anonymous_6)
FN:61,(anonymous_7)
FN:75,(anonymous_8)
FN:82,(anonymous_9)
FNF:10
FNH:9
FNDA:7,(anonymous_0)
FNDA:2,(anonymous_1)
FNDA:2,(anonymous_2)
FNDA:1,(anonymous_3)
FNDA:1,(anonymous_4)
FNDA:9,(anonymous_5)
FNDA:1,(anonymous_6)
FNDA:9,(anonymous_7)
FNDA:0,(anonymous_8)
FNDA:31,(anonymous_9)
DA:7,1
DA:8,7
DA:9,7
DA:10,7
DA:11,7
DA:12,7
DA:13,7
DA:14,7
DA:15,2
DA:17,7
DA:18,2
DA:21,2
DA:22,2
DA:23,2
DA:24,2
DA:28,7
DA:29,7
DA:40,1
DA:47,1
DA:48,9
DA:50,1
DA:60,1
DA:61,9
DA:63,1
DA:76,0
DA:83,31
LF:26
LH:25
BRDA:28,0,0,0
BRDA:28,0,1,7
BRDA:29,1,0,2
BRDA:29,1,1,5
BRDA:84,2,0,31
BRDA:84,2,1,0
BRDA:87,3,0,19
BRDA:87,3,1,12
BRF:8
BRH:6
end_of_record
TN:
SF:src/components/Cart.jsx
FN:5,(anonymous_0)
FN:6,(anonymous_1)
FN:8,(anonymous_2)
FN:18,(anonymous_3)
FN:29,(anonymous_4)
FNF:5
FNH:5
FNDA:4,(anonymous_0)
FNDA:8,(anonymous_1)
FNDA:1,(anonymous_2)
FNDA:1,(anonymous_3)
FNDA:3,(anonymous_4)
DA:5,1
DA:6,8
DA:7,4
DA:8,4
DA:9,1
DA:11,4
DA:19,1
DA:30,3
LF:8
LH:8
BRDA:15,0,0,2
BRDA:15,0,1,2
BRF:2
BRH:2
end_of_record
TN:
SF:src/components/Contact.jsx
FN:1,(anonymous_0)
FNF:1
FNH:1
FNDA:4,(anonymous_0)
DA:1,1
DA:2,4
LF:2
LH:2
BRF:0
BRH:0
end_of_record
TN:
SF:src/components/Header.jsx
FN:8,(anonymous_0)
FN:14,(anonymous_1)
FN:41,(anonymous_2)
FNF:3
FNH:3
FNDA:8,(anonymous_0)
FNDA:15,(anonymous_1)
FNDA:1,(anonymous_2)
DA:8,2
DA:9,8
DA:10,8
DA:11,8
DA:14,15
DA:15,8
DA:42,1
LF:7
LH:7
BRDA:22,0,0,8
BRDA:22,0,1,0
BRDA:42,1,0,1
BRDA:42,1,1,0
BRF:4
BRH:2
end_of_record
TN:
SF:src/components/ItemsList.jsx
FN:5,(anonymous_0)
FN:7,(anonymous_1)
FN:22,(anonymous_2)
FNF:3
FNH:3
FNDA:8,(anonymous_0)
FNDA:2,(anonymous_1)
FNDA:2,(anonymous_2)
DA:5,1
DA:6,8
DA:7,8
DA:8,2
DA:10,8
DA:22,2
LF:6
LH:6
BRDA:15,0,0,8
BRDA:15,0,1,0
BRF:2
BRH:1
end_of_record
TN:
SF:src/components/ResturantCard.jsx
FN:5,(anonymous_0)
FN:12,(anonymous_1)
FN:26,(anonymous_2)
FN:27,(anonymous_3)
FNF:4
FNH:3
FNDA:33,(anonymous_0)
FNDA:0,(anonymous_1)
FNDA:8,(anonymous_2)
FNDA:20,(anonymous_3)
DA:5,2
DA:7,33
DA:8,33
DA:9,33
DA:13,0
DA:14,0
DA:26,2
DA:27,8
DA:28,20
LF:9
LH:7
BRF:0
BRH:0
end_of_record
TN:
SF:src/components/ResturantCategory.jsx
FN:3,(anonymous_0)
FN:9,(anonymous_1)
FN:26,(anonymous_2)
FNF:3
FNH:3
FNDA:8,(anonymous_0)
FNDA:1,(anonymous_1)
FNDA:5,(anonymous_2)
DA:3,1
DA:4,8
DA:10,1
DA:27,5
LF:4
LH:4
BRDA:21,0,0,2
BRDA:21,0,1,6
BRDA:24,1,0,8
BRDA:24,1,1,2
BRF:4
BRH:4
end_of_record
TN:
SF:src/components/ResturantInfo.jsx
FN:7,(anonymous_0)
FN:11,(anonymous_1)
FN:21,(anonymous_2)
FN:33,(anonymous_3)
FNF:4
FNH:4
FNDA:3,(anonymous_0)
FNDA:1,(anonymous_1)
FNDA:10,(anonymous_2)
FNDA:8,(anonymous_3)
DA:7,1
DA:8,3
DA:9,3
DA:10,3
DA:11,3
DA:12,1
DA:14,3
DA:16,2
DA:20,2
DA:22,10
DA:25,2
DA:34,8
LF:12
LH:12
BRDA:14,0,0,1
BRDA:14,0,1,2
BRDA:35,1,0,8
BRDA:35,1,1,8
BRDA:37,2,0,2
BRDA:37,2,1,6
BRF:6
BRH:6
end_of_record
TN:
SF:src/components/mock/resCardMock.js
FNF:0
FNH:0
DA:1,1
LF:1
LH:1
BRF:0
BRH:0
end_of_record
TN:
SF:src/components/shimmer/Shimmer.jsx
FN:1,(anonymous_0)
FNF:1
FNH:1
FNDA:3,(anonymous_0)
DA:1,2
DA:2,3
LF:2
LH:2
BRF:0
BRH:0
end_of_record
TN:
SF:src/utils/UserContext.js
FNF:0
FNH:0
DA:3,4
LF:1
LH:1
BRF:0
BRH:0
end_of_record
TN:
SF:src/utils/appStore.js
FNF:0
FNH:0
DA:3,2
LF:1
LH:1
BRF:0
BRH:0
end_of_record
TN:
SF:src/utils/cartSlice.js
FN:9,(anonymous_0)
FN:12,(anonymous_1)
FN:15,(anonymous_2)
FNF:3
FNH:2
FNDA:2,(anonymous_0)
FNDA:0,(anonymous_1)
FNDA:1,(anonymous_2)
DA:3,2
DA:10,2
DA:13,0
DA:16,1
DA:21,2
LF:5
LH:4
BRF:0
BRH:0
end_of_record
TN:
SF:src/utils/constants.js
FNF:0
FNH:0
DA:2,4
DA:4,4
DA:6,4
LF:3
LH:3
BRF:0
BRH:0
end_of_record
TN:
SF:src/utils/useCheckStatus.js
FN:3,(anonymous_0)
FN:5,(anonymous_1)
FN:6,(anonymous_2)
FN:9,(anonymous_3)
FNF:4
FNH:2
FNDA:15,(anonymous_0)
FNDA:6,(anonymous_1)
FNDA:0,(anonymous_2)
FNDA:0,(anonymous_3)
DA:3,3
DA:4,15
DA:5,15
DA:6,6
DA:7,0
DA:9,6
DA:10,0
DA:13,15
LF:8
LH:6
BRF:0
BRH:0
end_of_record
TN:
SF:src/utils/useResturantMenu.js
FN:3,(anonymous_0)
FN:5,(anonymous_1)
FN:8,(anonymous_2)
FNF:3
FNH:3
FNDA:3,(anonymous_0)
FNDA:1,(anonymous_1)
FNDA:1,(anonymous_2)
DA:3,1
DA:4,3
DA:5,3
DA:6,1
DA:8,3
DA:9,1
DA:12,1
DA:14,1
DA:16,3
LF:9
LH:9
BRF:0
BRH:0
end_of_record
